[debug] [2021-02-11T21:20:19.810Z] ----------------------------------------------------------------------
[debug] [2021-02-11T21:20:19.813Z] Command:       C:\Program Files\nodejs\node.exe C:\Users\Kamal Uddin\AppData\Roaming\npm\node_modules\firebase-tools\lib\bin\firebase.js init
[debug] [2021-02-11T21:20:19.814Z] CLI Version:   9.3.0
[debug] [2021-02-11T21:20:19.814Z] Platform:      win32
[debug] [2021-02-11T21:20:19.814Z] Node Version:  v14.15.4
[debug] [2021-02-11T21:20:19.815Z] Time:          Fri Feb 12 2021 03:20:19 GMT+0600 (Bangladesh Standard Time)
[debug] [2021-02-11T21:20:19.815Z] ----------------------------------------------------------------------
[debug] [2021-02-11T21:20:19.816Z] 
[debug] [2021-02-11T21:20:19.823Z] > command requires scopes: ["email","openid","https://www.googleapis.com/auth/cloudplatformprojects.readonly","https://www.googleapis.com/auth/firebase","https://www.googleapis.com/auth/cloud-platform"]
[debug] [2021-02-11T21:20:19.823Z] > authorizing via signed-in user
[info] 
     ######## #### ########  ######## ########     ###     ######  ########
     ##        ##  ##     ## ##       ##     ##  ##   ##  ##       ##
     ######    ##  ########  ######   ########  #########  ######  ######
     ##        ##  ##    ##  ##       ##     ## ##     ##       ## ##
     ##       #### ##     ## ######## ########  ##     ##  ######  ########

You're about to initialize a Firebase project in this directory:

  F:\Web-Projects\Web development\Projects\mahmud_hasan

Before we get started, keep in mind:

  * You are initializing in an existing Firebase project directory

[info] 
=== Project Setup
[info] 
[info] First, let's associate this project directory with a Firebase project.
[info] You can create multiple project aliases by running firebase use --add, 
[info] but for now we'll just set up a default project.
[info] 
[info] i  .firebaserc already has a default project, using mahmudhasan. 
[debug] [2021-02-11T21:20:33.566Z] >>> [apiv2][query] GET https://firebase.googleapis.com/v1beta1/projects/mahmudhasan [none]
[debug] [2021-02-11T21:20:34.335Z] <<< [apiv2][status] GET https://firebase.googleapis.com/v1beta1/projects/mahmudhasan 403
[debug] [2021-02-11T21:20:34.336Z] <<< [apiv2][body] GET https://firebase.googleapis.com/v1beta1/projects/mahmudhasan {"error":{"code":403,"message":"The caller does not have permission","status":"PERMISSION_DENIED"}}
[debug] [2021-02-11T21:20:34.337Z] HTTP Error: 403, The caller does not have permission
[debug] [2021-02-11T21:20:34.655Z] FirebaseError: HTTP Error: 403, The caller does not have permission
    at module.exports (C:\Users\Kamal Uddin\AppData\Roaming\npm\node_modules\firebase-tools\lib\responseToError.js:38:12)
    at Client.doRequest (C:\Users\Kamal Uddin\AppData\Roaming\npm\node_modules\firebase-tools\lib\apiv2.js:227:23)
    at processTicksAndRejections (internal/process/task_queues.js:93:5)
    at async Client.request (C:\Users\Kamal Uddin\AppData\Roaming\npm\node_modules\firebase-tools\lib\apiv2.js:93:20)
    at async Object.getFirebaseProject (C:\Users\Kamal Uddin\AppData\Roaming\npm\node_modules\firebase-tools\lib\management\projects.js:289:21)
    at async Object.doSetup [as project] (C:\Users\Kamal Uddin\AppData\Roaming\npm\node_modules\firebase-tools\lib\init\features\project.js:77:27)
    at async init (C:\Users\Kamal Uddin\AppData\Roaming\npm\node_modules\firebase-tools\lib\init\index.js:19:9)
[error] 
[error] Error: Failed to get Firebase project mahmudhasan. Please make sure the project exists and your account has permission to access it.
